<?xml version="1.0" encoding="UTF-8"?>
<coverage generated="1771551018160" clover="3.2.0">
  <project timestamp="1771551018160" name="All files">
    <metrics statements="45" coveredstatements="45" conditionals="15" coveredconditionals="14" methods="6" coveredmethods="6" elements="66" coveredelements="65" complexity="0" loc="45" ncloc="45" packages="2" files="3" classes="3"/>
    <package name="electron.main">
      <metrics statements="20" coveredstatements="20" conditionals="12" coveredconditionals="11" methods="3" coveredmethods="3"/>
      <file name="asr.ts" path="/Users/liudongyang/logene-voice-input/electron/main/asr.ts">
        <metrics statements="14" coveredstatements="14" conditionals="10" coveredconditionals="9" methods="1" coveredmethods="1"/>
        <line num="14" count="8" type="stmt"/>
        <line num="17" count="8" type="stmt"/>
        <line num="18" count="8" type="stmt"/>
        <line num="19" count="8" type="cond" truecount="2" falsecount="0"/>
        <line num="20" count="1" type="stmt"/>
        <line num="23" count="8" type="stmt"/>
        <line num="24" count="7" type="cond" truecount="2" falsecount="0"/>
        <line num="25" count="1" type="stmt"/>
        <line num="28" count="6" type="stmt"/>
        <line num="29" count="6" type="cond" truecount="2" falsecount="0"/>
        <line num="30" count="1" type="cond" truecount="1" falsecount="1"/>
        <line num="32" count="5" type="cond" truecount="2" falsecount="0"/>
        <line num="33" count="1" type="stmt"/>
        <line num="35" count="4" type="stmt"/>
      </file>
      <file name="voice-commands.ts" path="/Users/liudongyang/logene-voice-input/electron/main/voice-commands.ts">
        <metrics statements="6" coveredstatements="6" conditionals="2" coveredconditionals="2" methods="2" coveredmethods="2"/>
        <line num="6" count="11" type="stmt"/>
        <line num="7" count="11" type="stmt"/>
        <line num="8" count="11" type="cond" truecount="2" falsecount="0"/>
        <line num="9" count="6" type="stmt"/>
        <line num="11" count="5" type="stmt"/>
        <line num="16" count="11" type="stmt"/>
      </file>
    </package>
    <package name="src">
      <metrics statements="25" coveredstatements="25" conditionals="3" coveredconditionals="3" methods="3" coveredmethods="3"/>
      <file name="wav.ts" path="/Users/liudongyang/logene-voice-input/src/wav.ts">
        <metrics statements="25" coveredstatements="25" conditionals="3" coveredconditionals="3" methods="3" coveredmethods="3"/>
        <line num="3" count="15" type="stmt"/>
        <line num="4" count="15" type="stmt"/>
        <line num="5" count="15" type="stmt"/>
        <line num="7" count="15" type="stmt"/>
        <line num="8" count="240" type="stmt"/>
        <line num="11" count="15" type="stmt"/>
        <line num="12" count="15" type="stmt"/>
        <line num="13" count="15" type="stmt"/>
        <line num="14" count="15" type="stmt"/>
        <line num="15" count="15" type="stmt"/>
        <line num="16" count="15" type="stmt"/>
        <line num="17" count="15" type="stmt"/>
        <line num="18" count="15" type="stmt"/>
        <line num="19" count="15" type="stmt"/>
        <line num="20" count="15" type="stmt"/>
        <line num="21" count="15" type="stmt"/>
        <line num="22" count="15" type="stmt"/>
        <line num="23" count="15" type="stmt"/>
        <line num="25" count="15" type="stmt"/>
        <line num="26" count="15" type="stmt"/>
        <line num="27" count="10" type="stmt"/>
        <line num="28" count="287" type="stmt"/>
        <line num="29" count="287" type="cond" truecount="2" falsecount="0"/>
        <line num="30" count="287" type="stmt"/>
        <line num="33" count="15" type="stmt"/>
      </file>
    </package>
  </project>
</coverage>
