{"/Users/liudongyang/logene-voice-input/electron/main/asr.ts": {"path":"/Users/liudongyang/logene-voice-input/electron/main/asr.ts","statementMap":{"0":{"start":{"line":14,"column":14},"end":{"line":14,"column":null}},"1":{"start":{"line":17,"column":15},"end":{"line":17,"column":null}},"2":{"start":{"line":18,"column":2},"end":{"line":18,"column":null}},"3":{"start":{"line":19,"column":2},"end":{"line":21,"column":null}},"4":{"start":{"line":20,"column":4},"end":{"line":20,"column":null}},"5":{"start":{"line":23,"column":15},"end":{"line":23,"column":null}},"6":{"start":{"line":24,"column":2},"end":{"line":26,"column":null}},"7":{"start":{"line":25,"column":4},"end":{"line":25,"column":null}},"8":{"start":{"line":28,"column":16},"end":{"line":28,"column":null}},"9":{"start":{"line":29,"column":2},"end":{"line":31,"column":null}},"10":{"start":{"line":30,"column":4},"end":{"line":30,"column":null}},"11":{"start":{"line":32,"column":2},"end":{"line":34,"column":null}},"12":{"start":{"line":33,"column":4},"end":{"line":33,"column":null}},"13":{"start":{"line":35,"column":2},"end":{"line":35,"column":null}}},"fnMap":{"0":{"name":"recognize","decl":{"start":{"line":9,"column":22},"end":{"line":9,"column":null}},"loc":{"start":{"line":13,"column":19},"end":{"line":36,"column":null}},"line":13}},"branchMap":{"0":{"loc":{"start":{"line":19,"column":2},"end":{"line":21,"column":null}},"type":"if","locations":[{"start":{"line":19,"column":2},"end":{"line":21,"column":null}},{"start":{},"end":{}}],"line":19},"1":{"loc":{"start":{"line":24,"column":2},"end":{"line":26,"column":null}},"type":"if","locations":[{"start":{"line":24,"column":2},"end":{"line":26,"column":null}},{"start":{},"end":{}}],"line":24},"2":{"loc":{"start":{"line":29,"column":2},"end":{"line":31,"column":null}},"type":"if","locations":[{"start":{"line":29,"column":2},"end":{"line":31,"column":null}},{"start":{},"end":{}}],"line":29},"3":{"loc":{"start":{"line":30,"column":31},"end":{"line":30,"column":49}},"type":"binary-expr","locations":[{"start":{"line":30,"column":31},"end":{"line":30,"column":47}},{"start":{"line":30,"column":47},"end":{"line":30,"column":49}}],"line":30},"4":{"loc":{"start":{"line":32,"column":2},"end":{"line":34,"column":null}},"type":"if","locations":[{"start":{"line":32,"column":2},"end":{"line":34,"column":null}},{"start":{},"end":{}}],"line":32}},"s":{"0":8,"1":8,"2":8,"3":8,"4":1,"5":8,"6":7,"7":1,"8":6,"9":6,"10":1,"11":5,"12":1,"13":4},"f":{"0":8},"b":{"0":[1,7],"1":[1,6],"2":[1,5],"3":[1,0],"4":[1,4]},"meta":{"lastBranch":5,"lastFunction":1,"lastStatement":14,"seen":{"f:9:22:9:Infinity":0,"s:14:14:14:Infinity":0,"s:17:15:17:Infinity":1,"s:18:2:18:Infinity":2,"b:19:2:21:Infinity:undefined:undefined:undefined:undefined":0,"s:19:2:21:Infinity":3,"s:20:4:20:Infinity":4,"s:23:15:23:Infinity":5,"b:24:2:26:Infinity:undefined:undefined:undefined:undefined":1,"s:24:2:26:Infinity":6,"s:25:4:25:Infinity":7,"s:28:16:28:Infinity":8,"b:29:2:31:Infinity:undefined:undefined:undefined:undefined":2,"s:29:2:31:Infinity":9,"s:30:4:30:Infinity":10,"b:30:31:30:47:30:47:30:49":3,"b:32:2:34:Infinity:undefined:undefined:undefined:undefined":4,"s:32:2:34:Infinity":11,"s:33:4:33:Infinity":12,"s:35:2:35:Infinity":13}}}
,"/Users/liudongyang/logene-voice-input/electron/main/voice-commands.ts": {"path":"/Users/liudongyang/logene-voice-input/electron/main/voice-commands.ts","statementMap":{"0":{"start":{"line":6,"column":18},"end":{"line":6,"column":null}},"1":{"start":{"line":7,"column":19},"end":{"line":7,"column":null}},"2":{"start":{"line":8,"column":2},"end":{"line":10,"column":null}},"3":{"start":{"line":9,"column":4},"end":{"line":9,"column":null}},"4":{"start":{"line":11,"column":2},"end":{"line":11,"column":null}},"5":{"start":{"line":16,"column":2},"end":{"line":16,"column":null}}},"fnMap":{"0":{"name":"matchVoiceCommand","decl":{"start":{"line":2,"column":16},"end":{"line":2,"column":null}},"loc":{"start":{"line":5,"column":74},"end":{"line":12,"column":null}},"line":5},"1":{"name":"stripPunctuation","decl":{"start":{"line":15,"column":9},"end":{"line":15,"column":26}},"loc":{"start":{"line":15,"column":45},"end":{"line":17,"column":null}},"line":15}},"branchMap":{"0":{"loc":{"start":{"line":8,"column":2},"end":{"line":10,"column":null}},"type":"if","locations":[{"start":{"line":8,"column":2},"end":{"line":10,"column":null}},{"start":{},"end":{}}],"line":8}},"s":{"0":11,"1":11,"2":11,"3":6,"4":5,"5":11},"f":{"0":11,"1":11},"b":{"0":[6,5]},"meta":{"lastBranch":1,"lastFunction":2,"lastStatement":6,"seen":{"f:2:16:2:Infinity":0,"s:6:18:6:Infinity":0,"s:7:19:7:Infinity":1,"b:8:2:10:Infinity:undefined:undefined:undefined:undefined":0,"s:8:2:10:Infinity":2,"s:9:4:9:Infinity":3,"s:11:2:11:Infinity":4,"f:15:9:15:26":1,"s:16:2:16:Infinity":5}}}
,"/Users/liudongyang/logene-voice-input/src/wav.ts": {"path":"/Users/liudongyang/logene-voice-input/src/wav.ts","statementMap":{"0":{"start":{"line":3,"column":23},"end":{"line":3,"column":null}},"1":{"start":{"line":3,"column":47},"end":{"line":3,"column":61}},"2":{"start":{"line":4,"column":17},"end":{"line":4,"column":null}},"3":{"start":{"line":5,"column":15},"end":{"line":5,"column":null}},"4":{"start":{"line":7,"column":19},"end":{"line":9,"column":null}},"5":{"start":{"line":8,"column":4},"end":{"line":8,"column":null}},"6":{"start":{"line":8,"column":17},"end":{"line":8,"column":20}},"7":{"start":{"line":8,"column":41},"end":{"line":8,"column":null}},"8":{"start":{"line":11,"column":2},"end":{"line":11,"column":null}},"9":{"start":{"line":12,"column":2},"end":{"line":12,"column":null}},"10":{"start":{"line":13,"column":2},"end":{"line":13,"column":null}},"11":{"start":{"line":14,"column":2},"end":{"line":14,"column":null}},"12":{"start":{"line":15,"column":2},"end":{"line":15,"column":null}},"13":{"start":{"line":16,"column":2},"end":{"line":16,"column":null}},"14":{"start":{"line":17,"column":2},"end":{"line":17,"column":null}},"15":{"start":{"line":18,"column":2},"end":{"line":18,"column":null}},"16":{"start":{"line":19,"column":2},"end":{"line":19,"column":null}},"17":{"start":{"line":20,"column":2},"end":{"line":20,"column":null}},"18":{"start":{"line":21,"column":2},"end":{"line":21,"column":null}},"19":{"start":{"line":22,"column":2},"end":{"line":22,"column":null}},"20":{"start":{"line":23,"column":2},"end":{"line":23,"column":null}},"21":{"start":{"line":25,"column":15},"end":{"line":25,"column":null}},"22":{"start":{"line":26,"column":2},"end":{"line":32,"column":null}},"23":{"start":{"line":27,"column":4},"end":{"line":31,"column":null}},"24":{"start":{"line":27,"column":17},"end":{"line":27,"column":20}},"25":{"start":{"line":28,"column":16},"end":{"line":28,"column":null}},"26":{"start":{"line":29,"column":6},"end":{"line":29,"column":null}},"27":{"start":{"line":30,"column":6},"end":{"line":30,"column":null}},"28":{"start":{"line":33,"column":2},"end":{"line":33,"column":null}}},"fnMap":{"0":{"name":"encodeWav","decl":{"start":{"line":2,"column":16},"end":{"line":2,"column":26}},"loc":{"start":{"line":2,"column":83},"end":{"line":34,"column":null}},"line":2},"1":{"name":"(anonymous_1)","decl":{"start":{"line":3,"column":37},"end":{"line":3,"column":38}},"loc":{"start":{"line":3,"column":47},"end":{"line":3,"column":61}},"line":3},"2":{"name":"(anonymous_2)","decl":{"start":{"line":7,"column":19},"end":{"line":7,"column":20}},"loc":{"start":{"line":7,"column":52},"end":{"line":9,"column":null}},"line":7}},"branchMap":{"0":{"loc":{"start":{"line":2,"column":50},"end":{"line":2,"column":83}},"type":"default-arg","locations":[{"start":{"line":2,"column":63},"end":{"line":2,"column":83}}],"line":2},"1":{"loc":{"start":{"line":29,"column":28},"end":{"line":29,"column":61}},"type":"cond-expr","locations":[{"start":{"line":29,"column":36},"end":{"line":29,"column":49}},{"start":{"line":29,"column":49},"end":{"line":29,"column":61}}],"line":29}},"s":{"0":15,"1":10,"2":15,"3":15,"4":15,"5":60,"6":60,"7":240,"8":15,"9":15,"10":15,"11":15,"12":15,"13":15,"14":15,"15":15,"16":15,"17":15,"18":15,"19":15,"20":15,"21":15,"22":15,"23":10,"24":10,"25":287,"26":287,"27":287,"28":15},"f":{"0":15,"1":10,"2":60},"b":{"0":[15],"1":[3,284]},"meta":{"lastBranch":2,"lastFunction":3,"lastStatement":29,"seen":{"f:2:16:2:26":0,"b:2:63:2:83":0,"s:3:23:3:Infinity":0,"f:3:37:3:38":1,"s:3:47:3:61":1,"s:4:17:4:Infinity":2,"s:5:15:5:Infinity":3,"s:7:19:9:Infinity":4,"f:7:19:7:20":2,"s:8:4:8:Infinity":5,"s:8:17:8:20":6,"s:8:41:8:Infinity":7,"s:11:2:11:Infinity":8,"s:12:2:12:Infinity":9,"s:13:2:13:Infinity":10,"s:14:2:14:Infinity":11,"s:15:2:15:Infinity":12,"s:16:2:16:Infinity":13,"s:17:2:17:Infinity":14,"s:18:2:18:Infinity":15,"s:19:2:19:Infinity":16,"s:20:2:20:Infinity":17,"s:21:2:21:Infinity":18,"s:22:2:22:Infinity":19,"s:23:2:23:Infinity":20,"s:25:15:25:Infinity":21,"s:26:2:32:Infinity":22,"s:27:4:31:Infinity":23,"s:27:17:27:20":24,"s:28:16:28:Infinity":25,"s:29:6:29:Infinity":26,"b:29:36:29:49:29:49:29:61":1,"s:30:6:30:Infinity":27,"s:33:2:33:Infinity":28}}}
}
